{"contracts/core/lib/Cast.sol":{"l":{"12":287,"16":13,"20":6,"24":28,"25":28,"26":280,"28":28,"29":28,"30":280,"32":28},"path":"/Users/osarrouy/Code/@spectrexyz/protocol/contracts/core/lib/Cast.sol","s":{"1":287,"2":13,"3":6,"4":28,"5":28,"6":28,"7":28,"8":280,"9":28},"b":{},"f":{"1":287,"2":13,"3":6,"4":28},"fnMap":{"1":{"name":"toId","line":11,"loc":{"start":{"line":11,"column":4},"end":{"line":13,"column":4}}},"2":{"name":"toAddress","line":15,"loc":{"start":{"line":15,"column":4},"end":{"line":17,"column":4}}},"3":{"name":"toSERC20","line":19,"loc":{"start":{"line":19,"column":4},"end":{"line":21,"column":4}}},"4":{"name":"toString","line":23,"loc":{"start":{"line":23,"column":4},"end":{"line":33,"column":4}}}},"statementMap":{"1":{"start":{"line":12,"column":8},"end":{"line":12,"column":48}},"2":{"start":{"line":16,"column":8},"end":{"line":16,"column":35}},"3":{"start":{"line":20,"column":8},"end":{"line":20,"column":43}},"4":{"start":{"line":24,"column":8},"end":{"line":24,"column":19}},"5":{"start":{"line":25,"column":8},"end":{"line":25,"column":689}},"6":{"start":{"line":28,"column":8},"end":{"line":28,"column":46}},"7":{"start":{"line":29,"column":8},"end":{"line":29,"column":808}},"8":{"start":{"line":30,"column":12},"end":{"line":30,"column":38}},"9":{"start":{"line":32,"column":8},"end":{"line":32,"column":33}}},"branchMap":{}},"contracts/core/lib/Wrappings.sol":{"l":{},"path":"/Users/osarrouy/Code/@spectrexyz/protocol/contracts/core/lib/Wrappings.sol","s":{},"b":{},"f":{},"fnMap":{},"statementMap":{},"branchMap":{}},"contracts/core/SERC1155.sol":{"l":{"65":52,"67":51,"68":51,"70":51,"71":51,"86":6,"102":10,"104":8,"120":3,"122":2,"124":2,"125":5,"128":1,"136":0,"138":0,"139":0,"143":0,"156":0,"157":0,"159":0,"160":0,"162":0,"164":0,"177":0,"178":0,"179":0,"181":0,"182":0,"183":0,"186":0,"188":0,"203":3,"205":3,"206":1,"208":2,"209":1,"211":1,"235":14,"237":14,"238":14,"239":14,"240":14,"245":14,"247":14,"248":14,"249":14,"250":14,"251":14,"253":14,"261":14,"263":8,"292":171,"293":170,"295":169,"303":26,"304":26,"305":26,"307":26,"308":26,"310":26,"314":0,"315":0,"319":0,"320":0,"322":0,"326":0,"328":0,"347":104,"348":104,"350":104,"352":104,"356":1,"360":1,"364":17,"368":3,"377":3,"386":0,"395":13,"401":169,"403":130,"418":183,"419":183,"421":183,"422":183,"424":183,"430":177,"432":177,"436":26,"437":26,"438":26,"440":20,"444":0,"457":0,"459":0,"460":0,"461":0,"464":0,"466":0,"482":0,"485":0,"486":0,"487":0,"490":0,"492":0},"path":"/Users/osarrouy/Code/@spectrexyz/protocol/contracts/core/SERC1155.sol","s":{"1":52,"2":51,"3":51,"4":51,"5":51,"6":6,"7":10,"8":8,"9":3,"10":2,"11":2,"12":5,"13":1,"14":0,"15":0,"16":0,"17":0,"18":0,"19":0,"20":0,"21":0,"22":0,"23":0,"24":0,"25":0,"26":0,"27":0,"28":0,"29":0,"30":0,"31":0,"32":3,"33":3,"34":1,"35":2,"36":1,"37":1,"38":14,"39":14,"40":14,"41":14,"42":14,"43":14,"44":14,"45":14,"46":14,"47":14,"48":14,"49":14,"50":8,"51":171,"52":170,"53":169,"54":26,"55":26,"56":26,"57":26,"58":26,"59":26,"60":0,"61":0,"62":0,"63":0,"64":0,"65":0,"66":0,"67":104,"68":104,"69":104,"70":104,"71":1,"72":1,"73":17,"74":3,"75":3,"76":0,"77":13,"78":169,"79":130,"80":183,"81":183,"82":183,"83":183,"84":183,"85":177,"86":177,"87":26,"88":26,"89":20,"90":0,"91":0,"92":0,"93":0,"94":0,"95":0,"96":0,"97":0,"98":0,"99":0,"100":0,"101":0,"102":0},"b":{"1":[51,1],"2":[8,2],"3":[2,1],"4":[0,0],"5":[0,0],"6":[0,0],"7":[0,0],"8":[0,0],"9":[0,0],"10":[1,2],"11":[1,1],"12":[14,0],"13":[14,0],"14":[14,0],"15":[14,0],"16":[170,1],"17":[169,1],"18":[26,0],"19":[26,0],"20":[0,0],"21":[0,0],"22":[0,0],"23":[104,0],"24":[0,0],"25":[0,0],"26":[0,0],"27":[0,0]},"f":{"1":52,"2":6,"3":10,"4":3,"5":0,"6":0,"7":0,"8":0,"9":3,"10":14,"11":171,"12":26,"13":0,"14":0,"15":104,"16":1,"17":1,"18":17,"19":3,"20":3,"21":0,"22":13,"23":169,"24":183,"25":26,"26":0,"27":0,"28":0},"fnMap":{"1":{"name":"constructor","line":64,"loc":{"start":{"line":64,"column":4},"end":{"line":72,"column":4}}},"2":{"name":"supportsInterface","line":78,"loc":{"start":{"line":78,"column":4},"end":{"line":90,"column":4}}},"3":{"name":"balanceOf","line":101,"loc":{"start":{"line":101,"column":4},"end":{"line":105,"column":4}}},"4":{"name":"balanceOfBatch","line":111,"loc":{"start":{"line":111,"column":4},"end":{"line":129,"column":4}}},"5":{"name":"setApprovalForAll","line":135,"loc":{"start":{"line":135,"column":4},"end":{"line":140,"column":4}}},"6":{"name":"isApprovedForAll","line":142,"loc":{"start":{"line":142,"column":4},"end":{"line":144,"column":4}}},"7":{"name":"safeTransferFrom","line":146,"loc":{"start":{"line":146,"column":4},"end":{"line":165,"column":4}}},"8":{"name":"safeBatchTransferFrom","line":167,"loc":{"start":{"line":167,"column":4},"end":{"line":189,"column":4}}},"9":{"name":"uri","line":202,"loc":{"start":{"line":202,"column":4},"end":{"line":212,"column":4}}},"10":{"name":"onERC721Received","line":225,"loc":{"start":{"line":225,"column":4},"end":{"line":264,"column":4}}},"11":{"name":"spectralize","line":281,"loc":{"start":{"line":281,"column":4},"end":{"line":300,"column":4}}},"12":{"name":"unlock","line":302,"loc":{"start":{"line":302,"column":4},"end":{"line":311,"column":4}}},"13":{"name":"unlock","line":313,"loc":{"start":{"line":313,"column":4},"end":{"line":323,"column":4}}},"14":{"name":"updateUnwrappedURI","line":325,"loc":{"start":{"line":325,"column":4},"end":{"line":329,"column":4}}},"15":{"name":"onSERC20Transferred","line":340,"loc":{"start":{"line":340,"column":4},"end":{"line":353,"column":4}}},"16":{"name":"unwrappedURI","line":355,"loc":{"start":{"line":355,"column":4},"end":{"line":357,"column":4}}},"17":{"name":"sERC20Base","line":359,"loc":{"start":{"line":359,"column":4},"end":{"line":361,"column":4}}},"18":{"name":"isLocked","line":363,"loc":{"start":{"line":363,"column":4},"end":{"line":365,"column":4}}},"19":{"name":"lockOf","line":367,"loc":{"start":{"line":367,"column":4},"end":{"line":369,"column":4}}},"20":{"name":"spectreOf","line":376,"loc":{"start":{"line":376,"column":4},"end":{"line":378,"column":4}}},"21":{"name":"spectreOf","line":385,"loc":{"start":{"line":385,"column":4},"end":{"line":387,"column":4}}},"22":{"name":"sERC20Of","line":394,"loc":{"start":{"line":394,"column":4},"end":{"line":396,"column":4}}},"23":{"name":"_lock","line":400,"loc":{"start":{"line":400,"column":4},"end":{"line":404,"column":4}}},"24":{"name":"_spectralize","line":406,"loc":{"start":{"line":406,"column":4},"end":{"line":433,"column":4}}},"25":{"name":"_unlock","line":435,"loc":{"start":{"line":435,"column":4},"end":{"line":441,"column":4}}},"26":{"name":"_canTransfer","line":443,"loc":{"start":{"line":443,"column":4},"end":{"line":445,"column":4}}},"27":{"name":"_doSafeTransferAcceptanceCheck","line":447,"loc":{"start":{"line":447,"column":4},"end":{"line":470,"column":4}}},"28":{"name":"_doSafeBatchTransferAcceptanceCheck","line":472,"loc":{"start":{"line":472,"column":4},"end":{"line":497,"column":4}}}},"statementMap":{"1":{"start":{"line":65,"column":8},"end":{"line":65,"column":93}},"2":{"start":{"line":67,"column":8},"end":{"line":67,"column":32}},"3":{"start":{"line":68,"column":8},"end":{"line":68,"column":36}},"4":{"start":{"line":70,"column":8},"end":{"line":70,"column":42}},"5":{"start":{"line":71,"column":8},"end":{"line":71,"column":44}},"6":{"start":{"line":86,"column":8},"end":{"line":86,"column":3247}},"7":{"start":{"line":102,"column":8},"end":{"line":102,"column":85}},"8":{"start":{"line":104,"column":8},"end":{"line":104,"column":94}},"9":{"start":{"line":120,"column":8},"end":{"line":120,"column":91}},"10":{"start":{"line":122,"column":8},"end":{"line":122,"column":71}},"11":{"start":{"line":124,"column":8},"end":{"line":124,"column":4599}},"12":{"start":{"line":125,"column":12},"end":{"line":125,"column":60}},"13":{"start":{"line":128,"column":8},"end":{"line":128,"column":28}},"14":{"start":{"line":136,"column":8},"end":{"line":136,"column":86}},"15":{"start":{"line":138,"column":8},"end":{"line":138,"column":60}},"16":{"start":{"line":139,"column":8},"end":{"line":139,"column":61}},"17":{"start":{"line":143,"column":8},"end":{"line":143,"column":52}},"18":{"start":{"line":156,"column":8},"end":{"line":156,"column":74}},"19":{"start":{"line":157,"column":8},"end":{"line":157,"column":85}},"20":{"start":{"line":159,"column":8},"end":{"line":159,"column":39}},"21":{"start":{"line":160,"column":8},"end":{"line":160,"column":60}},"22":{"start":{"line":162,"column":8},"end":{"line":162,"column":59}},"23":{"start":{"line":164,"column":8},"end":{"line":164,"column":75}},"24":{"start":{"line":177,"column":8},"end":{"line":177,"column":89}},"25":{"start":{"line":178,"column":8},"end":{"line":178,"column":74}},"26":{"start":{"line":179,"column":8},"end":{"line":179,"column":85}},"27":{"start":{"line":181,"column":8},"end":{"line":181,"column":39}},"28":{"start":{"line":182,"column":8},"end":{"line":182,"column":6527}},"29":{"start":{"line":183,"column":12},"end":{"line":183,"column":72}},"30":{"start":{"line":186,"column":8},"end":{"line":186,"column":60}},"31":{"start":{"line":188,"column":8},"end":{"line":188,"column":82}},"32":{"start":{"line":203,"column":8},"end":{"line":203,"column":47}},"33":{"start":{"line":205,"column":8},"end":{"line":205,"column":7701}},"34":{"start":{"line":206,"column":10},"end":{"line":206,"column":78}},"35":{"start":{"line":208,"column":8},"end":{"line":208,"column":7792}},"36":{"start":{"line":209,"column":12},"end":{"line":209,"column":32}},"37":{"start":{"line":211,"column":8},"end":{"line":211,"column":17}},"38":{"start":{"line":235,"column":8},"end":{"line":235,"column":41}},"39":{"start":{"line":237,"column":8},"end":{"line":237,"column":102}},"40":{"start":{"line":238,"column":8},"end":{"line":238,"column":84}},"41":{"start":{"line":239,"column":8},"end":{"line":239,"column":114}},"42":{"start":{"line":240,"column":8},"end":{"line":240,"column":76}},"43":{"start":{"line":245,"column":8},"end":{"line":245,"column":33}},"44":{"start":{"line":247,"column":8},"end":{"line":247,"column":20}},"45":{"start":{"line":248,"column":8},"end":{"line":248,"column":22}},"46":{"start":{"line":249,"column":8},"end":{"line":249,"column":19}},"47":{"start":{"line":250,"column":8},"end":{"line":250,"column":21}},"48":{"start":{"line":251,"column":8},"end":{"line":251,"column":24}},"49":{"start":{"line":261,"column":8},"end":{"line":261,"column":110}},"50":{"start":{"line":263,"column":8},"end":{"line":263,"column":25}},"51":{"start":{"line":292,"column":8},"end":{"line":292,"column":92}},"52":{"start":{"line":293,"column":8},"end":{"line":293,"column":86}},"53":{"start":{"line":295,"column":8},"end":{"line":295,"column":10920}},"54":{"start":{"line":303,"column":8},"end":{"line":303,"column":47}},"55":{"start":{"line":304,"column":8},"end":{"line":304,"column":47}},"56":{"start":{"line":305,"column":8},"end":{"line":305,"column":41}},"57":{"start":{"line":307,"column":8},"end":{"line":307,"column":90}},"58":{"start":{"line":308,"column":8},"end":{"line":308,"column":88}},"59":{"start":{"line":310,"column":8},"end":{"line":310,"column":56}},"60":{"start":{"line":314,"column":8},"end":{"line":314,"column":34}},"61":{"start":{"line":315,"column":8},"end":{"line":315,"column":47}},"62":{"start":{"line":319,"column":8},"end":{"line":319,"column":90}},"63":{"start":{"line":320,"column":8},"end":{"line":320,"column":88}},"64":{"start":{"line":322,"column":8},"end":{"line":322,"column":72}},"65":{"start":{"line":326,"column":8},"end":{"line":326,"column":106}},"66":{"start":{"line":328,"column":8},"end":{"line":328,"column":36}},"67":{"start":{"line":347,"column":8},"end":{"line":347,"column":39}},"68":{"start":{"line":348,"column":8},"end":{"line":348,"column":36}},"69":{"start":{"line":350,"column":8},"end":{"line":350,"column":105}},"70":{"start":{"line":352,"column":8},"end":{"line":352,"column":59}},"71":{"start":{"line":356,"column":8},"end":{"line":356,"column":28}},"72":{"start":{"line":360,"column":8},"end":{"line":360,"column":26}},"73":{"start":{"line":364,"column":8},"end":{"line":364,"column":47}},"74":{"start":{"line":368,"column":8},"end":{"line":368,"column":42}},"75":{"start":{"line":377,"column":8},"end":{"line":377,"column":28}},"76":{"start":{"line":386,"column":8},"end":{"line":386,"column":39}},"77":{"start":{"line":395,"column":8},"end":{"line":395,"column":29}},"78":{"start":{"line":401,"column":8},"end":{"line":401,"column":101}},"79":{"start":{"line":403,"column":8},"end":{"line":403,"column":21}},"80":{"start":{"line":418,"column":8},"end":{"line":418,"column":44}},"81":{"start":{"line":419,"column":8},"end":{"line":419,"column":34}},"82":{"start":{"line":421,"column":8},"end":{"line":421,"column":39}},"83":{"start":{"line":422,"column":8},"end":{"line":422,"column":130}},"84":{"start":{"line":424,"column":8},"end":{"line":424,"column":58}},"85":{"start":{"line":430,"column":8},"end":{"line":430,"column":67}},"86":{"start":{"line":432,"column":8},"end":{"line":432,"column":17}},"87":{"start":{"line":437,"column":8},"end":{"line":437,"column":56}},"88":{"start":{"line":438,"column":8},"end":{"line":438,"column":84}},"89":{"start":{"line":440,"column":8},"end":{"line":440,"column":34}},"90":{"start":{"line":444,"column":8},"end":{"line":444,"column":75}},"91":{"start":{"line":457,"column":8},"end":{"line":457,"column":16601}},"92":{"start":{"line":459,"column":12},"end":{"line":459,"column":16681}},"93":{"start":{"line":460,"column":16},"end":{"line":460,"column":16806}},"94":{"start":{"line":461,"column":20},"end":{"line":461,"column":70}},"95":{"start":{"line":464,"column":16},"end":{"line":464,"column":29}},"96":{"start":{"line":466,"column":16},"end":{"line":466,"column":78}},"97":{"start":{"line":482,"column":8},"end":{"line":482,"column":17456}},"98":{"start":{"line":485,"column":12},"end":{"line":485,"column":17586}},"99":{"start":{"line":486,"column":16},"end":{"line":486,"column":17718}},"100":{"start":{"line":487,"column":20},"end":{"line":487,"column":70}},"101":{"start":{"line":490,"column":16},"end":{"line":490,"column":29}},"102":{"start":{"line":492,"column":16},"end":{"line":492,"column":78}}},"branchMap":{"1":{"line":65,"type":"if","locations":[{"start":{"line":65,"column":8},"end":{"line":65,"column":8}},{"start":{"line":65,"column":8},"end":{"line":65,"column":8}}]},"2":{"line":102,"type":"if","locations":[{"start":{"line":102,"column":8},"end":{"line":102,"column":8}},{"start":{"line":102,"column":8},"end":{"line":102,"column":8}}]},"3":{"line":120,"type":"if","locations":[{"start":{"line":120,"column":8},"end":{"line":120,"column":8}},{"start":{"line":120,"column":8},"end":{"line":120,"column":8}}]},"4":{"line":136,"type":"if","locations":[{"start":{"line":136,"column":8},"end":{"line":136,"column":8}},{"start":{"line":136,"column":8},"end":{"line":136,"column":8}}]},"5":{"line":156,"type":"if","locations":[{"start":{"line":156,"column":8},"end":{"line":156,"column":8}},{"start":{"line":156,"column":8},"end":{"line":156,"column":8}}]},"6":{"line":157,"type":"if","locations":[{"start":{"line":157,"column":8},"end":{"line":157,"column":8}},{"start":{"line":157,"column":8},"end":{"line":157,"column":8}}]},"7":{"line":177,"type":"if","locations":[{"start":{"line":177,"column":8},"end":{"line":177,"column":8}},{"start":{"line":177,"column":8},"end":{"line":177,"column":8}}]},"8":{"line":178,"type":"if","locations":[{"start":{"line":178,"column":8},"end":{"line":178,"column":8}},{"start":{"line":178,"column":8},"end":{"line":178,"column":8}}]},"9":{"line":179,"type":"if","locations":[{"start":{"line":179,"column":8},"end":{"line":179,"column":8}},{"start":{"line":179,"column":8},"end":{"line":179,"column":8}}]},"10":{"line":205,"type":"if","locations":[{"start":{"line":205,"column":8},"end":{"line":205,"column":8}},{"start":{"line":205,"column":8},"end":{"line":205,"column":8}}]},"11":{"line":208,"type":"if","locations":[{"start":{"line":208,"column":8},"end":{"line":208,"column":8}},{"start":{"line":208,"column":8},"end":{"line":208,"column":8}}]},"12":{"line":237,"type":"if","locations":[{"start":{"line":237,"column":8},"end":{"line":237,"column":8}},{"start":{"line":237,"column":8},"end":{"line":237,"column":8}}]},"13":{"line":238,"type":"if","locations":[{"start":{"line":238,"column":8},"end":{"line":238,"column":8}},{"start":{"line":238,"column":8},"end":{"line":238,"column":8}}]},"14":{"line":239,"type":"if","locations":[{"start":{"line":239,"column":8},"end":{"line":239,"column":8}},{"start":{"line":239,"column":8},"end":{"line":239,"column":8}}]},"15":{"line":240,"type":"if","locations":[{"start":{"line":240,"column":8},"end":{"line":240,"column":8}},{"start":{"line":240,"column":8},"end":{"line":240,"column":8}}]},"16":{"line":292,"type":"if","locations":[{"start":{"line":292,"column":8},"end":{"line":292,"column":8}},{"start":{"line":292,"column":8},"end":{"line":292,"column":8}}]},"17":{"line":293,"type":"if","locations":[{"start":{"line":293,"column":8},"end":{"line":293,"column":8}},{"start":{"line":293,"column":8},"end":{"line":293,"column":8}}]},"18":{"line":307,"type":"if","locations":[{"start":{"line":307,"column":8},"end":{"line":307,"column":8}},{"start":{"line":307,"column":8},"end":{"line":307,"column":8}}]},"19":{"line":308,"type":"if","locations":[{"start":{"line":308,"column":8},"end":{"line":308,"column":8}},{"start":{"line":308,"column":8},"end":{"line":308,"column":8}}]},"20":{"line":319,"type":"if","locations":[{"start":{"line":319,"column":8},"end":{"line":319,"column":8}},{"start":{"line":319,"column":8},"end":{"line":319,"column":8}}]},"21":{"line":320,"type":"if","locations":[{"start":{"line":320,"column":8},"end":{"line":320,"column":8}},{"start":{"line":320,"column":8},"end":{"line":320,"column":8}}]},"22":{"line":326,"type":"if","locations":[{"start":{"line":326,"column":8},"end":{"line":326,"column":8}},{"start":{"line":326,"column":8},"end":{"line":326,"column":8}}]},"23":{"line":350,"type":"if","locations":[{"start":{"line":350,"column":8},"end":{"line":350,"column":8}},{"start":{"line":350,"column":8},"end":{"line":350,"column":8}}]},"24":{"line":457,"type":"if","locations":[{"start":{"line":457,"column":8},"end":{"line":457,"column":8}},{"start":{"line":457,"column":8},"end":{"line":457,"column":8}}]},"25":{"line":460,"type":"if","locations":[{"start":{"line":460,"column":16},"end":{"line":460,"column":16}},{"start":{"line":460,"column":16},"end":{"line":460,"column":16}}]},"26":{"line":482,"type":"if","locations":[{"start":{"line":482,"column":8},"end":{"line":482,"column":8}},{"start":{"line":482,"column":8},"end":{"line":482,"column":8}}]},"27":{"line":486,"type":"if","locations":[{"start":{"line":486,"column":16},"end":{"line":486,"column":16}},{"start":{"line":486,"column":16},"end":{"line":486,"column":16}}]}}},"contracts/core/SERC20.sol":{"l":{"70":183,"71":183,"75":183,"77":183,"79":182,"86":0,"87":0,"94":0,"95":0,"99":0,"100":0,"109":104,"110":104,"121":0,"122":0,"133":0,"135":0,"142":0,"152":104,"165":104,"166":104},"path":"/Users/osarrouy/Code/@spectrexyz/protocol/contracts/core/SERC20.sol","s":{"1":183,"2":183,"3":183,"4":183,"5":182,"6":0,"7":0,"8":0,"9":0,"10":0,"11":0,"12":104,"13":104,"14":0,"15":0,"16":0,"17":0,"18":0,"19":104,"20":104,"21":104},"b":{"1":[0,0],"2":[0,0],"3":[0,0],"4":[104,0],"5":[0,0],"6":[0,0]},"f":{"1":51,"2":183,"3":0,"4":0,"5":0,"6":104,"7":0,"8":0,"9":0,"10":104,"11":104},"fnMap":{"1":{"name":"constructor","line":47,"loc":{"start":{"line":47,"column":4},"end":{"line":48,"column":4}}},"2":{"name":"initialize","line":67,"loc":{"start":{"line":62,"column":4},"end":{"line":80,"column":4}}},"3":{"name":"pause","line":85,"loc":{"start":{"line":85,"column":4},"end":{"line":88,"column":4}}},"4":{"name":"unpause","line":93,"loc":{"start":{"line":93,"column":4},"end":{"line":96,"column":4}}},"5":{"name":"setRoleAdmin","line":98,"loc":{"start":{"line":98,"column":4},"end":{"line":101,"column":4}}},"6":{"name":"mint","line":108,"loc":{"start":{"line":108,"column":4},"end":{"line":111,"column":4}}},"7":{"name":"snapshot","line":120,"loc":{"start":{"line":120,"column":4},"end":{"line":123,"column":4}}},"8":{"name":"onSERC1155Transferred","line":132,"loc":{"start":{"line":132,"column":4},"end":{"line":136,"column":4}}},"9":{"name":"sERC1155","line":141,"loc":{"start":{"line":141,"column":4},"end":{"line":143,"column":4}}},"10":{"name":"_mint","line":145,"loc":{"start":{"line":145,"column":4},"end":{"line":153,"column":4}}},"11":{"name":"_beforeTokenTransfer","line":155,"loc":{"start":{"line":155,"column":4},"end":{"line":167,"column":4}}}},"statementMap":{"1":{"start":{"line":70,"column":8},"end":{"line":70,"column":35}},"2":{"start":{"line":71,"column":8},"end":{"line":71,"column":31}},"3":{"start":{"line":75,"column":8},"end":{"line":75,"column":32}},"4":{"start":{"line":77,"column":8},"end":{"line":77,"column":31}},"5":{"start":{"line":79,"column":8},"end":{"line":79,"column":44}},"6":{"start":{"line":86,"column":8},"end":{"line":86,"column":92}},"7":{"start":{"line":87,"column":8},"end":{"line":87,"column":15}},"8":{"start":{"line":94,"column":8},"end":{"line":94,"column":94}},"9":{"start":{"line":95,"column":8},"end":{"line":95,"column":17}},"10":{"start":{"line":99,"column":8},"end":{"line":99,"column":100}},"11":{"start":{"line":100,"column":8},"end":{"line":100,"column":37}},"12":{"start":{"line":109,"column":8},"end":{"line":109,"column":91}},"13":{"start":{"line":110,"column":8},"end":{"line":110,"column":24}},"14":{"start":{"line":121,"column":8},"end":{"line":121,"column":99}},"15":{"start":{"line":122,"column":8},"end":{"line":122,"column":26}},"16":{"start":{"line":133,"column":8},"end":{"line":133,"column":90}},"17":{"start":{"line":135,"column":8},"end":{"line":135,"column":34}},"18":{"start":{"line":142,"column":8},"end":{"line":142,"column":24}},"19":{"start":{"line":152,"column":8},"end":{"line":152,"column":35}},"20":{"start":{"line":165,"column":8},"end":{"line":165,"column":51}},"21":{"start":{"line":166,"column":8},"end":{"line":166,"column":64}}},"branchMap":{"1":{"line":86,"type":"if","locations":[{"start":{"line":86,"column":8},"end":{"line":86,"column":8}},{"start":{"line":86,"column":8},"end":{"line":86,"column":8}}]},"2":{"line":94,"type":"if","locations":[{"start":{"line":94,"column":8},"end":{"line":94,"column":8}},{"start":{"line":94,"column":8},"end":{"line":94,"column":8}}]},"3":{"line":99,"type":"if","locations":[{"start":{"line":99,"column":8},"end":{"line":99,"column":8}},{"start":{"line":99,"column":8},"end":{"line":99,"column":8}}]},"4":{"line":109,"type":"if","locations":[{"start":{"line":109,"column":8},"end":{"line":109,"column":8}},{"start":{"line":109,"column":8},"end":{"line":109,"column":8}}]},"5":{"line":121,"type":"if","locations":[{"start":{"line":121,"column":8},"end":{"line":121,"column":8}},{"start":{"line":121,"column":8},"end":{"line":121,"column":8}}]},"6":{"line":133,"type":"if","locations":[{"start":{"line":133,"column":8},"end":{"line":133,"column":8}},{"start":{"line":133,"column":8},"end":{"line":133,"column":8}}]}}},"contracts/core/SERC721.sol":{"l":{"28":51,"29":51,"30":51,"34":1,"38":54,"40":54,"42":54,"43":54,"45":54,"49":0,"50":0,"54":0,"55":0,"66":262,"75":552,"79":0},"path":"/Users/osarrouy/Code/@spectrexyz/protocol/contracts/core/SERC721.sol","s":{"1":51,"2":51,"3":51,"4":1,"5":54,"6":54,"7":54,"8":54,"9":54,"10":0,"11":0,"12":0,"13":0,"14":262,"15":552,"16":0},"b":{"1":[54,0],"2":[0,0],"3":[0,0]},"f":{"1":51,"2":1,"3":54,"4":0,"5":0,"6":262,"7":552,"8":0},"fnMap":{"1":{"name":"constructor","line":27,"loc":{"start":{"line":27,"column":4},"end":{"line":31,"column":4}}},"2":{"name":"tokenURI","line":33,"loc":{"start":{"line":33,"column":4},"end":{"line":35,"column":4}}},"3":{"name":"mint","line":37,"loc":{"start":{"line":37,"column":4},"end":{"line":46,"column":4}}},"4":{"name":"pause","line":48,"loc":{"start":{"line":48,"column":4},"end":{"line":51,"column":4}}},"5":{"name":"unpause","line":53,"loc":{"start":{"line":53,"column":4},"end":{"line":56,"column":4}}},"6":{"name":"_beforeTokenTransfer","line":58,"loc":{"start":{"line":58,"column":4},"end":{"line":67,"column":4}}},"7":{"name":"supportsInterface","line":69,"loc":{"start":{"line":69,"column":4},"end":{"line":76,"column":4}}},"8":{"name":"_burn","line":78,"loc":{"start":{"line":78,"column":4},"end":{"line":80,"column":4}}}},"statementMap":{"1":{"start":{"line":28,"column":8},"end":{"line":28,"column":51}},"2":{"start":{"line":29,"column":8},"end":{"line":29,"column":44}},"3":{"start":{"line":30,"column":8},"end":{"line":30,"column":44}},"4":{"start":{"line":34,"column":8},"end":{"line":34,"column":38}},"5":{"start":{"line":38,"column":8},"end":{"line":38,"column":92}},"6":{"start":{"line":40,"column":8},"end":{"line":40,"column":51}},"7":{"start":{"line":42,"column":8},"end":{"line":42,"column":25}},"8":{"start":{"line":43,"column":8},"end":{"line":43,"column":39}},"9":{"start":{"line":45,"column":8},"end":{"line":45,"column":34}},"10":{"start":{"line":49,"column":8},"end":{"line":49,"column":93}},"11":{"start":{"line":50,"column":8},"end":{"line":50,"column":15}},"12":{"start":{"line":54,"column":8},"end":{"line":54,"column":95}},"13":{"start":{"line":55,"column":8},"end":{"line":55,"column":17}},"14":{"start":{"line":66,"column":8},"end":{"line":66,"column":52}},"15":{"start":{"line":75,"column":8},"end":{"line":75,"column":51}},"16":{"start":{"line":79,"column":8},"end":{"line":79,"column":27}}},"branchMap":{"1":{"line":38,"type":"if","locations":[{"start":{"line":38,"column":8},"end":{"line":38,"column":8}},{"start":{"line":38,"column":8},"end":{"line":38,"column":8}}]},"2":{"line":49,"type":"if","locations":[{"start":{"line":49,"column":8},"end":{"line":49,"column":8}},{"start":{"line":49,"column":8},"end":{"line":49,"column":8}}]},"3":{"line":54,"type":"if","locations":[{"start":{"line":54,"column":8},"end":{"line":54,"column":8}},{"start":{"line":54,"column":8},"end":{"line":54,"column":8}}]}}},"contracts/test/CloneFactory.sol":{"l":{"13":0},"path":"/Users/osarrouy/Code/@spectrexyz/protocol/contracts/test/CloneFactory.sol","s":{"1":0},"b":{},"f":{"1":0},"fnMap":{"1":{"name":"clone","line":12,"loc":{"start":{"line":12,"column":4},"end":{"line":14,"column":4}}}},"statementMap":{"1":{"start":{"line":13,"column":8},"end":{"line":13,"column":42}}},"branchMap":{}}}