{"contracts/core/lib/Cast.sol":{"l":{"12":88,"16":1,"20":0,"24":0,"25":0,"26":0,"28":0,"29":0,"30":0,"32":0},"path":"/Users/osarrouy/Code/@spectrexyz/protocol/contracts/core/lib/Cast.sol","s":{"1":88,"2":1,"3":0,"4":0,"5":0,"6":0,"7":0,"8":0,"9":0},"b":{},"f":{"1":88,"2":1,"3":0,"4":0},"fnMap":{"1":{"name":"toId","line":11,"loc":{"start":{"line":11,"column":4},"end":{"line":13,"column":4}}},"2":{"name":"toAddress","line":15,"loc":{"start":{"line":15,"column":4},"end":{"line":17,"column":4}}},"3":{"name":"toSERC20","line":19,"loc":{"start":{"line":19,"column":4},"end":{"line":21,"column":4}}},"4":{"name":"toString","line":23,"loc":{"start":{"line":23,"column":4},"end":{"line":33,"column":4}}}},"statementMap":{"1":{"start":{"line":12,"column":8},"end":{"line":12,"column":48}},"2":{"start":{"line":16,"column":8},"end":{"line":16,"column":35}},"3":{"start":{"line":20,"column":8},"end":{"line":20,"column":43}},"4":{"start":{"line":24,"column":8},"end":{"line":24,"column":19}},"5":{"start":{"line":25,"column":8},"end":{"line":25,"column":689}},"6":{"start":{"line":28,"column":8},"end":{"line":28,"column":46}},"7":{"start":{"line":29,"column":8},"end":{"line":29,"column":808}},"8":{"start":{"line":30,"column":12},"end":{"line":30,"column":38}},"9":{"start":{"line":32,"column":8},"end":{"line":32,"column":33}}},"branchMap":{}},"contracts/core/lib/Wrappings.sol":{"l":{},"path":"/Users/osarrouy/Code/@spectrexyz/protocol/contracts/core/lib/Wrappings.sol","s":{},"b":{},"f":{},"fnMap":{},"statementMap":{},"branchMap":{}},"contracts/core/SERC1155.sol":{"l":{"68":9,"70":9,"71":9,"73":9,"74":9,"89":0,"105":0,"107":0,"123":0,"125":0,"127":0,"128":0,"131":0,"139":0,"141":0,"142":0,"146":0,"159":0,"160":0,"162":0,"163":0,"165":0,"167":0,"180":0,"181":0,"182":0,"184":0,"185":0,"186":0,"189":0,"191":0,"206":0,"208":0,"210":0,"212":0,"213":0,"215":0,"244":0,"245":0,"246":0,"254":0,"255":0,"256":0,"257":0,"258":0,"259":0,"260":0,"262":0,"271":0,"273":0,"275":0,"305":14,"306":14,"308":14,"311":14,"312":14,"314":14,"315":11,"319":0,"321":0,"322":0,"324":0,"328":0,"329":0,"331":0,"332":0,"334":0,"338":0,"340":0,"359":74,"360":74,"362":74,"364":74,"368":0,"372":0,"376":0,"380":0,"389":0,"398":0,"407":1,"413":0,"428":14,"429":14,"431":14,"432":14,"433":14,"435":14,"437":14,"441":0,"442":0,"444":0,"446":0,"459":0,"461":0,"462":0,"463":0,"466":0,"468":0,"484":0,"487":0,"488":0,"489":0,"492":0,"494":0},"path":"/Users/osarrouy/Code/@spectrexyz/protocol/contracts/core/SERC1155.sol","s":{"1":9,"2":9,"3":9,"4":9,"5":9,"6":0,"7":0,"8":0,"9":0,"10":0,"11":0,"12":0,"13":0,"14":0,"15":0,"16":0,"17":0,"18":0,"19":0,"20":0,"21":0,"22":0,"23":0,"24":0,"25":0,"26":0,"27":0,"28":0,"29":0,"30":0,"31":0,"32":0,"33":0,"34":0,"35":0,"36":0,"37":0,"38":0,"39":0,"40":0,"41":0,"42":0,"43":0,"44":0,"45":0,"46":0,"47":0,"48":0,"49":0,"50":0,"51":14,"52":14,"53":14,"54":14,"55":14,"56":14,"57":11,"58":0,"59":0,"60":0,"61":0,"62":0,"63":0,"64":0,"65":0,"66":0,"67":0,"68":0,"69":74,"70":74,"71":74,"72":74,"73":0,"74":0,"75":0,"76":0,"77":0,"78":0,"79":1,"80":0,"81":14,"82":14,"83":14,"84":14,"85":14,"86":14,"87":14,"88":0,"89":0,"90":0,"91":0,"92":0,"93":0,"94":0,"95":0,"96":0,"97":0,"98":0,"99":0,"100":0,"101":0,"102":0},"b":{"1":[9,0],"2":[0,0],"3":[0,0],"4":[0,0],"5":[0,0],"6":[0,0],"7":[0,0],"8":[0,0],"9":[0,0],"10":[0,0],"11":[0,0],"12":[0,0],"13":[0,0],"14":[0,0],"15":[14,0],"16":[14,0],"17":[14,0],"18":[0,0],"19":[0,0],"20":[0,0],"21":[0,0],"22":[0,0],"23":[74,0],"24":[0,0],"25":[0,0],"26":[0,0],"27":[0,0]},"f":{"1":9,"2":0,"3":0,"4":0,"5":0,"6":0,"7":0,"8":0,"9":0,"10":0,"11":14,"12":0,"13":0,"14":0,"15":74,"16":0,"17":0,"18":0,"19":0,"20":0,"21":0,"22":1,"23":0,"24":14,"25":0,"26":0,"27":0},"fnMap":{"1":{"name":"constructor","line":67,"loc":{"start":{"line":67,"column":4},"end":{"line":75,"column":4}}},"2":{"name":"supportsInterface","line":81,"loc":{"start":{"line":81,"column":4},"end":{"line":93,"column":4}}},"3":{"name":"balanceOf","line":104,"loc":{"start":{"line":104,"column":4},"end":{"line":108,"column":4}}},"4":{"name":"balanceOfBatch","line":114,"loc":{"start":{"line":114,"column":4},"end":{"line":132,"column":4}}},"5":{"name":"setApprovalForAll","line":138,"loc":{"start":{"line":138,"column":4},"end":{"line":143,"column":4}}},"6":{"name":"isApprovedForAll","line":145,"loc":{"start":{"line":145,"column":4},"end":{"line":147,"column":4}}},"7":{"name":"safeTransferFrom","line":149,"loc":{"start":{"line":149,"column":4},"end":{"line":168,"column":4}}},"8":{"name":"safeBatchTransferFrom","line":170,"loc":{"start":{"line":170,"column":4},"end":{"line":192,"column":4}}},"9":{"name":"uri","line":205,"loc":{"start":{"line":205,"column":4},"end":{"line":216,"column":4}}},"10":{"name":"onERC721Received","line":234,"loc":{"start":{"line":234,"column":4},"end":{"line":276,"column":4}}},"11":{"name":"spectralize","line":293,"loc":{"start":{"line":293,"column":4},"end":{"line":316,"column":4}}},"12":{"name":"unlock","line":318,"loc":{"start":{"line":318,"column":4},"end":{"line":325,"column":4}}},"13":{"name":"unlock","line":327,"loc":{"start":{"line":327,"column":4},"end":{"line":335,"column":4}}},"14":{"name":"updateUnwrappedURI","line":337,"loc":{"start":{"line":337,"column":4},"end":{"line":341,"column":4}}},"15":{"name":"onSERC20Transferred","line":352,"loc":{"start":{"line":352,"column":4},"end":{"line":365,"column":4}}},"16":{"name":"unwrappedURI","line":367,"loc":{"start":{"line":367,"column":4},"end":{"line":369,"column":4}}},"17":{"name":"sERC20Base","line":371,"loc":{"start":{"line":371,"column":4},"end":{"line":373,"column":4}}},"18":{"name":"isLocked","line":375,"loc":{"start":{"line":375,"column":4},"end":{"line":377,"column":4}}},"19":{"name":"lockOf","line":379,"loc":{"start":{"line":379,"column":4},"end":{"line":381,"column":4}}},"20":{"name":"spectreOf","line":388,"loc":{"start":{"line":388,"column":4},"end":{"line":390,"column":4}}},"21":{"name":"spectreOf","line":397,"loc":{"start":{"line":397,"column":4},"end":{"line":399,"column":4}}},"22":{"name":"sERC20Of","line":406,"loc":{"start":{"line":406,"column":4},"end":{"line":408,"column":4}}},"23":{"name":"_canTransfer","line":412,"loc":{"start":{"line":412,"column":4},"end":{"line":414,"column":4}}},"24":{"name":"_spectralize","line":416,"loc":{"start":{"line":416,"column":4},"end":{"line":438,"column":4}}},"25":{"name":"_unlock","line":440,"loc":{"start":{"line":440,"column":4},"end":{"line":447,"column":4}}},"26":{"name":"_doSafeTransferAcceptanceCheck","line":449,"loc":{"start":{"line":449,"column":4},"end":{"line":472,"column":4}}},"27":{"name":"_doSafeBatchTransferAcceptanceCheck","line":474,"loc":{"start":{"line":474,"column":4},"end":{"line":499,"column":4}}}},"statementMap":{"1":{"start":{"line":68,"column":8},"end":{"line":68,"column":93}},"2":{"start":{"line":70,"column":8},"end":{"line":70,"column":32}},"3":{"start":{"line":71,"column":8},"end":{"line":71,"column":36}},"4":{"start":{"line":73,"column":8},"end":{"line":73,"column":43}},"5":{"start":{"line":74,"column":8},"end":{"line":74,"column":44}},"6":{"start":{"line":89,"column":8},"end":{"line":89,"column":3531}},"7":{"start":{"line":105,"column":8},"end":{"line":105,"column":85}},"8":{"start":{"line":107,"column":8},"end":{"line":107,"column":94}},"9":{"start":{"line":123,"column":8},"end":{"line":123,"column":91}},"10":{"start":{"line":125,"column":8},"end":{"line":125,"column":71}},"11":{"start":{"line":127,"column":8},"end":{"line":127,"column":4883}},"12":{"start":{"line":128,"column":12},"end":{"line":128,"column":60}},"13":{"start":{"line":131,"column":8},"end":{"line":131,"column":28}},"14":{"start":{"line":139,"column":8},"end":{"line":139,"column":86}},"15":{"start":{"line":141,"column":8},"end":{"line":141,"column":60}},"16":{"start":{"line":142,"column":8},"end":{"line":142,"column":61}},"17":{"start":{"line":146,"column":8},"end":{"line":146,"column":52}},"18":{"start":{"line":159,"column":8},"end":{"line":159,"column":74}},"19":{"start":{"line":160,"column":8},"end":{"line":160,"column":85}},"20":{"start":{"line":162,"column":8},"end":{"line":162,"column":39}},"21":{"start":{"line":163,"column":8},"end":{"line":163,"column":60}},"22":{"start":{"line":165,"column":8},"end":{"line":165,"column":59}},"23":{"start":{"line":167,"column":8},"end":{"line":167,"column":75}},"24":{"start":{"line":180,"column":8},"end":{"line":180,"column":89}},"25":{"start":{"line":181,"column":8},"end":{"line":181,"column":74}},"26":{"start":{"line":182,"column":8},"end":{"line":182,"column":85}},"27":{"start":{"line":184,"column":8},"end":{"line":184,"column":39}},"28":{"start":{"line":185,"column":8},"end":{"line":185,"column":6862}},"29":{"start":{"line":186,"column":12},"end":{"line":186,"column":72}},"30":{"start":{"line":189,"column":8},"end":{"line":189,"column":60}},"31":{"start":{"line":191,"column":8},"end":{"line":191,"column":82}},"32":{"start":{"line":206,"column":8},"end":{"line":206,"column":47}},"33":{"start":{"line":208,"column":8},"end":{"line":208,"column":8089}},"34":{"start":{"line":210,"column":12},"end":{"line":210,"column":80}},"35":{"start":{"line":212,"column":8},"end":{"line":212,"column":8249}},"36":{"start":{"line":213,"column":12},"end":{"line":213,"column":32}},"37":{"start":{"line":215,"column":8},"end":{"line":215,"column":17}},"38":{"start":{"line":244,"column":8},"end":{"line":244,"column":41}},"39":{"start":{"line":245,"column":8},"end":{"line":245,"column":96}},"40":{"start":{"line":246,"column":8},"end":{"line":246,"column":83}},"41":{"start":{"line":254,"column":8},"end":{"line":254,"column":33}},"42":{"start":{"line":255,"column":8},"end":{"line":255,"column":20}},"43":{"start":{"line":256,"column":8},"end":{"line":256,"column":22}},"44":{"start":{"line":257,"column":8},"end":{"line":257,"column":19}},"45":{"start":{"line":258,"column":8},"end":{"line":258,"column":21}},"46":{"start":{"line":259,"column":8},"end":{"line":259,"column":24}},"47":{"start":{"line":260,"column":8},"end":{"line":260,"column":23}},"48":{"start":{"line":271,"column":8},"end":{"line":271,"column":76}},"49":{"start":{"line":273,"column":8},"end":{"line":273,"column":110}},"50":{"start":{"line":275,"column":8},"end":{"line":275,"column":56}},"51":{"start":{"line":305,"column":8},"end":{"line":305,"column":96}},"52":{"start":{"line":306,"column":8},"end":{"line":306,"column":83}},"53":{"start":{"line":308,"column":8},"end":{"line":308,"column":60}},"54":{"start":{"line":311,"column":8},"end":{"line":311,"column":84}},"55":{"start":{"line":312,"column":8},"end":{"line":312,"column":81}},"56":{"start":{"line":314,"column":8},"end":{"line":314,"column":70}},"57":{"start":{"line":315,"column":8},"end":{"line":315,"column":21}},"58":{"start":{"line":319,"column":8},"end":{"line":319,"column":47}},"59":{"start":{"line":321,"column":8},"end":{"line":321,"column":83}},"60":{"start":{"line":322,"column":8},"end":{"line":322,"column":88}},"61":{"start":{"line":324,"column":8},"end":{"line":324,"column":72}},"62":{"start":{"line":328,"column":8},"end":{"line":328,"column":34}},"63":{"start":{"line":329,"column":8},"end":{"line":329,"column":47}},"64":{"start":{"line":331,"column":8},"end":{"line":331,"column":89}},"65":{"start":{"line":332,"column":8},"end":{"line":332,"column":88}},"66":{"start":{"line":334,"column":8},"end":{"line":334,"column":72}},"67":{"start":{"line":338,"column":8},"end":{"line":338,"column":106}},"68":{"start":{"line":340,"column":8},"end":{"line":340,"column":36}},"69":{"start":{"line":359,"column":8},"end":{"line":359,"column":39}},"70":{"start":{"line":360,"column":8},"end":{"line":360,"column":36}},"71":{"start":{"line":362,"column":8},"end":{"line":362,"column":105}},"72":{"start":{"line":364,"column":8},"end":{"line":364,"column":59}},"73":{"start":{"line":368,"column":8},"end":{"line":368,"column":28}},"74":{"start":{"line":372,"column":8},"end":{"line":372,"column":26}},"75":{"start":{"line":376,"column":8},"end":{"line":376,"column":47}},"76":{"start":{"line":380,"column":8},"end":{"line":380,"column":42}},"77":{"start":{"line":389,"column":8},"end":{"line":389,"column":28}},"78":{"start":{"line":398,"column":8},"end":{"line":398,"column":39}},"79":{"start":{"line":407,"column":8},"end":{"line":407,"column":29}},"80":{"start":{"line":413,"column":8},"end":{"line":413,"column":75}},"81":{"start":{"line":428,"column":8},"end":{"line":428,"column":44}},"82":{"start":{"line":429,"column":8},"end":{"line":429,"column":34}},"83":{"start":{"line":431,"column":8},"end":{"line":431,"column":39}},"84":{"start":{"line":432,"column":8},"end":{"line":432,"column":124}},"85":{"start":{"line":433,"column":8},"end":{"line":433,"column":58}},"86":{"start":{"line":435,"column":8},"end":{"line":435,"column":67}},"87":{"start":{"line":437,"column":8},"end":{"line":437,"column":17}},"88":{"start":{"line":441,"column":8},"end":{"line":441,"column":50}},"89":{"start":{"line":444,"column":8},"end":{"line":444,"column":84}},"90":{"start":{"line":446,"column":8},"end":{"line":446,"column":34}},"91":{"start":{"line":459,"column":8},"end":{"line":459,"column":17828}},"92":{"start":{"line":461,"column":12},"end":{"line":461,"column":17908}},"93":{"start":{"line":462,"column":16},"end":{"line":462,"column":18033}},"94":{"start":{"line":463,"column":20},"end":{"line":463,"column":70}},"95":{"start":{"line":466,"column":16},"end":{"line":466,"column":29}},"96":{"start":{"line":468,"column":16},"end":{"line":468,"column":78}},"97":{"start":{"line":484,"column":8},"end":{"line":484,"column":18683}},"98":{"start":{"line":487,"column":12},"end":{"line":487,"column":18813}},"99":{"start":{"line":488,"column":16},"end":{"line":488,"column":18945}},"100":{"start":{"line":489,"column":20},"end":{"line":489,"column":70}},"101":{"start":{"line":492,"column":16},"end":{"line":492,"column":29}},"102":{"start":{"line":494,"column":16},"end":{"line":494,"column":78}}},"branchMap":{"1":{"line":68,"type":"if","locations":[{"start":{"line":68,"column":8},"end":{"line":68,"column":8}},{"start":{"line":68,"column":8},"end":{"line":68,"column":8}}]},"2":{"line":105,"type":"if","locations":[{"start":{"line":105,"column":8},"end":{"line":105,"column":8}},{"start":{"line":105,"column":8},"end":{"line":105,"column":8}}]},"3":{"line":123,"type":"if","locations":[{"start":{"line":123,"column":8},"end":{"line":123,"column":8}},{"start":{"line":123,"column":8},"end":{"line":123,"column":8}}]},"4":{"line":139,"type":"if","locations":[{"start":{"line":139,"column":8},"end":{"line":139,"column":8}},{"start":{"line":139,"column":8},"end":{"line":139,"column":8}}]},"5":{"line":159,"type":"if","locations":[{"start":{"line":159,"column":8},"end":{"line":159,"column":8}},{"start":{"line":159,"column":8},"end":{"line":159,"column":8}}]},"6":{"line":160,"type":"if","locations":[{"start":{"line":160,"column":8},"end":{"line":160,"column":8}},{"start":{"line":160,"column":8},"end":{"line":160,"column":8}}]},"7":{"line":180,"type":"if","locations":[{"start":{"line":180,"column":8},"end":{"line":180,"column":8}},{"start":{"line":180,"column":8},"end":{"line":180,"column":8}}]},"8":{"line":181,"type":"if","locations":[{"start":{"line":181,"column":8},"end":{"line":181,"column":8}},{"start":{"line":181,"column":8},"end":{"line":181,"column":8}}]},"9":{"line":182,"type":"if","locations":[{"start":{"line":182,"column":8},"end":{"line":182,"column":8}},{"start":{"line":182,"column":8},"end":{"line":182,"column":8}}]},"10":{"line":208,"type":"if","locations":[{"start":{"line":208,"column":8},"end":{"line":208,"column":8}},{"start":{"line":208,"column":8},"end":{"line":208,"column":8}}]},"11":{"line":212,"type":"if","locations":[{"start":{"line":212,"column":8},"end":{"line":212,"column":8}},{"start":{"line":212,"column":8},"end":{"line":212,"column":8}}]},"12":{"line":245,"type":"if","locations":[{"start":{"line":245,"column":8},"end":{"line":245,"column":8}},{"start":{"line":245,"column":8},"end":{"line":245,"column":8}}]},"13":{"line":246,"type":"if","locations":[{"start":{"line":246,"column":8},"end":{"line":246,"column":8}},{"start":{"line":246,"column":8},"end":{"line":246,"column":8}}]},"14":{"line":271,"type":"if","locations":[{"start":{"line":271,"column":8},"end":{"line":271,"column":8}},{"start":{"line":271,"column":8},"end":{"line":271,"column":8}}]},"15":{"line":305,"type":"if","locations":[{"start":{"line":305,"column":8},"end":{"line":305,"column":8}},{"start":{"line":305,"column":8},"end":{"line":305,"column":8}}]},"16":{"line":306,"type":"if","locations":[{"start":{"line":306,"column":8},"end":{"line":306,"column":8}},{"start":{"line":306,"column":8},"end":{"line":306,"column":8}}]},"17":{"line":311,"type":"if","locations":[{"start":{"line":311,"column":8},"end":{"line":311,"column":8}},{"start":{"line":311,"column":8},"end":{"line":311,"column":8}}]},"18":{"line":321,"type":"if","locations":[{"start":{"line":321,"column":8},"end":{"line":321,"column":8}},{"start":{"line":321,"column":8},"end":{"line":321,"column":8}}]},"19":{"line":322,"type":"if","locations":[{"start":{"line":322,"column":8},"end":{"line":322,"column":8}},{"start":{"line":322,"column":8},"end":{"line":322,"column":8}}]},"20":{"line":331,"type":"if","locations":[{"start":{"line":331,"column":8},"end":{"line":331,"column":8}},{"start":{"line":331,"column":8},"end":{"line":331,"column":8}}]},"21":{"line":332,"type":"if","locations":[{"start":{"line":332,"column":8},"end":{"line":332,"column":8}},{"start":{"line":332,"column":8},"end":{"line":332,"column":8}}]},"22":{"line":338,"type":"if","locations":[{"start":{"line":338,"column":8},"end":{"line":338,"column":8}},{"start":{"line":338,"column":8},"end":{"line":338,"column":8}}]},"23":{"line":362,"type":"if","locations":[{"start":{"line":362,"column":8},"end":{"line":362,"column":8}},{"start":{"line":362,"column":8},"end":{"line":362,"column":8}}]},"24":{"line":459,"type":"if","locations":[{"start":{"line":459,"column":8},"end":{"line":459,"column":8}},{"start":{"line":459,"column":8},"end":{"line":459,"column":8}}]},"25":{"line":462,"type":"if","locations":[{"start":{"line":462,"column":16},"end":{"line":462,"column":16}},{"start":{"line":462,"column":16},"end":{"line":462,"column":16}}]},"26":{"line":484,"type":"if","locations":[{"start":{"line":484,"column":8},"end":{"line":484,"column":8}},{"start":{"line":484,"column":8},"end":{"line":484,"column":8}}]},"27":{"line":488,"type":"if","locations":[{"start":{"line":488,"column":16},"end":{"line":488,"column":16}},{"start":{"line":488,"column":16},"end":{"line":488,"column":16}}]}}},"contracts/core/SERC20.sol":{"l":{"70":14,"71":14,"72":14,"73":14,"74":14,"75":14,"76":14,"77":14,"79":14,"81":14,"88":0,"89":0,"96":0,"97":0,"101":0,"102":0,"111":13,"112":13,"123":0,"124":0,"135":0,"137":0,"138":0,"139":0,"146":0,"156":13,"169":74,"171":74,"172":74},"path":"/Users/osarrouy/Code/@spectrexyz/protocol/contracts/core/SERC20.sol","s":{"1":14,"2":14,"3":14,"4":14,"5":14,"6":14,"7":14,"8":14,"9":14,"10":14,"11":0,"12":0,"13":0,"14":0,"15":0,"16":0,"17":13,"18":13,"19":0,"20":0,"21":0,"22":0,"23":0,"24":0,"25":0,"26":13,"27":74,"28":74,"29":74},"b":{"1":[0,0],"2":[0,0],"3":[0,0],"4":[13,0],"5":[0,0],"6":[0,0],"7":[74,0]},"f":{"1":9,"2":14,"3":0,"4":0,"5":0,"6":13,"7":0,"8":0,"9":0,"10":13,"11":74},"fnMap":{"1":{"name":"constructor","line":49,"loc":{"start":{"line":49,"column":4},"end":{"line":50,"column":4}}},"2":{"name":"initialize","line":69,"loc":{"start":{"line":64,"column":4},"end":{"line":82,"column":4}}},"3":{"name":"pause","line":87,"loc":{"start":{"line":87,"column":4},"end":{"line":90,"column":4}}},"4":{"name":"unpause","line":95,"loc":{"start":{"line":95,"column":4},"end":{"line":98,"column":4}}},"5":{"name":"setRoleAdmin","line":100,"loc":{"start":{"line":100,"column":4},"end":{"line":103,"column":4}}},"6":{"name":"mint","line":110,"loc":{"start":{"line":110,"column":4},"end":{"line":113,"column":4}}},"7":{"name":"snapshot","line":122,"loc":{"start":{"line":122,"column":4},"end":{"line":125,"column":4}}},"8":{"name":"onSERC1155Transferred","line":134,"loc":{"start":{"line":134,"column":4},"end":{"line":140,"column":4}}},"9":{"name":"sERC1155","line":145,"loc":{"start":{"line":145,"column":4},"end":{"line":147,"column":4}}},"10":{"name":"_mint","line":149,"loc":{"start":{"line":149,"column":4},"end":{"line":157,"column":4}}},"11":{"name":"_beforeTokenTransfer","line":159,"loc":{"start":{"line":159,"column":4},"end":{"line":173,"column":4}}}},"statementMap":{"1":{"start":{"line":70,"column":8},"end":{"line":70,"column":23}},"2":{"start":{"line":71,"column":8},"end":{"line":71,"column":29}},"3":{"start":{"line":72,"column":8},"end":{"line":72,"column":35}},"4":{"start":{"line":73,"column":8},"end":{"line":73,"column":31}},"5":{"start":{"line":74,"column":8},"end":{"line":74,"column":29}},"6":{"start":{"line":75,"column":8},"end":{"line":75,"column":29}},"7":{"start":{"line":76,"column":8},"end":{"line":76,"column":29}},"8":{"start":{"line":77,"column":8},"end":{"line":77,"column":32}},"9":{"start":{"line":79,"column":8},"end":{"line":79,"column":31}},"10":{"start":{"line":81,"column":8},"end":{"line":81,"column":44}},"11":{"start":{"line":88,"column":8},"end":{"line":88,"column":92}},"12":{"start":{"line":89,"column":8},"end":{"line":89,"column":15}},"13":{"start":{"line":96,"column":8},"end":{"line":96,"column":94}},"14":{"start":{"line":97,"column":8},"end":{"line":97,"column":17}},"15":{"start":{"line":101,"column":8},"end":{"line":101,"column":100}},"16":{"start":{"line":102,"column":8},"end":{"line":102,"column":37}},"17":{"start":{"line":111,"column":8},"end":{"line":111,"column":91}},"18":{"start":{"line":112,"column":8},"end":{"line":112,"column":24}},"19":{"start":{"line":123,"column":8},"end":{"line":123,"column":99}},"20":{"start":{"line":124,"column":8},"end":{"line":124,"column":26}},"21":{"start":{"line":135,"column":8},"end":{"line":135,"column":90}},"22":{"start":{"line":137,"column":8},"end":{"line":137,"column":19}},"23":{"start":{"line":138,"column":8},"end":{"line":138,"column":34}},"24":{"start":{"line":139,"column":8},"end":{"line":139,"column":20}},"25":{"start":{"line":146,"column":8},"end":{"line":146,"column":24}},"26":{"start":{"line":156,"column":8},"end":{"line":156,"column":35}},"27":{"start":{"line":169,"column":8},"end":{"line":169,"column":51}},"28":{"start":{"line":171,"column":8},"end":{"line":171,"column":6544}},"29":{"start":{"line":172,"column":12},"end":{"line":172,"column":68}}},"branchMap":{"1":{"line":88,"type":"if","locations":[{"start":{"line":88,"column":8},"end":{"line":88,"column":8}},{"start":{"line":88,"column":8},"end":{"line":88,"column":8}}]},"2":{"line":96,"type":"if","locations":[{"start":{"line":96,"column":8},"end":{"line":96,"column":8}},{"start":{"line":96,"column":8},"end":{"line":96,"column":8}}]},"3":{"line":101,"type":"if","locations":[{"start":{"line":101,"column":8},"end":{"line":101,"column":8}},{"start":{"line":101,"column":8},"end":{"line":101,"column":8}}]},"4":{"line":111,"type":"if","locations":[{"start":{"line":111,"column":8},"end":{"line":111,"column":8}},{"start":{"line":111,"column":8},"end":{"line":111,"column":8}}]},"5":{"line":123,"type":"if","locations":[{"start":{"line":123,"column":8},"end":{"line":123,"column":8}},{"start":{"line":123,"column":8},"end":{"line":123,"column":8}}]},"6":{"line":135,"type":"if","locations":[{"start":{"line":135,"column":8},"end":{"line":135,"column":8}},{"start":{"line":135,"column":8},"end":{"line":135,"column":8}}]},"7":{"line":171,"type":"if","locations":[{"start":{"line":171,"column":8},"end":{"line":171,"column":8}},{"start":{"line":171,"column":8},"end":{"line":171,"column":8}}]}}},"contracts/core/SERC721.sol":{"l":{"28":9,"29":9,"30":9,"34":0,"38":9,"40":9,"42":9,"43":9,"45":9,"49":0,"50":0,"54":0,"55":0,"66":23,"75":42,"79":0},"path":"/Users/osarrouy/Code/@spectrexyz/protocol/contracts/core/SERC721.sol","s":{"1":9,"2":9,"3":9,"4":0,"5":9,"6":9,"7":9,"8":9,"9":9,"10":0,"11":0,"12":0,"13":0,"14":23,"15":42,"16":0},"b":{"1":[9,0],"2":[0,0],"3":[0,0]},"f":{"1":9,"2":0,"3":9,"4":0,"5":0,"6":23,"7":42,"8":0},"fnMap":{"1":{"name":"constructor","line":27,"loc":{"start":{"line":27,"column":4},"end":{"line":31,"column":4}}},"2":{"name":"tokenURI","line":33,"loc":{"start":{"line":33,"column":4},"end":{"line":35,"column":4}}},"3":{"name":"mint","line":37,"loc":{"start":{"line":37,"column":4},"end":{"line":46,"column":4}}},"4":{"name":"pause","line":48,"loc":{"start":{"line":48,"column":4},"end":{"line":51,"column":4}}},"5":{"name":"unpause","line":53,"loc":{"start":{"line":53,"column":4},"end":{"line":56,"column":4}}},"6":{"name":"_beforeTokenTransfer","line":58,"loc":{"start":{"line":58,"column":4},"end":{"line":67,"column":4}}},"7":{"name":"supportsInterface","line":69,"loc":{"start":{"line":69,"column":4},"end":{"line":76,"column":4}}},"8":{"name":"_burn","line":78,"loc":{"start":{"line":78,"column":4},"end":{"line":80,"column":4}}}},"statementMap":{"1":{"start":{"line":28,"column":8},"end":{"line":28,"column":51}},"2":{"start":{"line":29,"column":8},"end":{"line":29,"column":44}},"3":{"start":{"line":30,"column":8},"end":{"line":30,"column":44}},"4":{"start":{"line":34,"column":8},"end":{"line":34,"column":38}},"5":{"start":{"line":38,"column":8},"end":{"line":38,"column":92}},"6":{"start":{"line":40,"column":8},"end":{"line":40,"column":51}},"7":{"start":{"line":42,"column":8},"end":{"line":42,"column":25}},"8":{"start":{"line":43,"column":8},"end":{"line":43,"column":39}},"9":{"start":{"line":45,"column":8},"end":{"line":45,"column":34}},"10":{"start":{"line":49,"column":8},"end":{"line":49,"column":93}},"11":{"start":{"line":50,"column":8},"end":{"line":50,"column":15}},"12":{"start":{"line":54,"column":8},"end":{"line":54,"column":95}},"13":{"start":{"line":55,"column":8},"end":{"line":55,"column":17}},"14":{"start":{"line":66,"column":8},"end":{"line":66,"column":52}},"15":{"start":{"line":75,"column":8},"end":{"line":75,"column":51}},"16":{"start":{"line":79,"column":8},"end":{"line":79,"column":27}}},"branchMap":{"1":{"line":38,"type":"if","locations":[{"start":{"line":38,"column":8},"end":{"line":38,"column":8}},{"start":{"line":38,"column":8},"end":{"line":38,"column":8}}]},"2":{"line":49,"type":"if","locations":[{"start":{"line":49,"column":8},"end":{"line":49,"column":8}},{"start":{"line":49,"column":8},"end":{"line":49,"column":8}}]},"3":{"line":54,"type":"if","locations":[{"start":{"line":54,"column":8},"end":{"line":54,"column":8}},{"start":{"line":54,"column":8},"end":{"line":54,"column":8}}]}}},"contracts/test/CloneFactory.sol":{"l":{"13":0},"path":"/Users/osarrouy/Code/@spectrexyz/protocol/contracts/test/CloneFactory.sol","s":{"1":0},"b":{},"f":{"1":0},"fnMap":{"1":{"name":"clone","line":12,"loc":{"start":{"line":12,"column":4},"end":{"line":14,"column":4}}}},"statementMap":{"1":{"start":{"line":13,"column":8},"end":{"line":13,"column":42}}},"branchMap":{}},"contracts/test/ERC1155ReceiverMock.sol":{"l":{"23":0,"24":0,"25":0,"26":0,"37":0,"51":0,"52":0,"53":0,"67":0,"68":0,"69":0},"path":"/Users/osarrouy/Code/@spectrexyz/protocol/contracts/test/ERC1155ReceiverMock.sol","s":{"1":0,"2":0,"3":0,"4":0,"5":0,"6":0,"7":0,"8":0,"9":0,"10":0,"11":0},"b":{"1":[0,0],"2":[0,0]},"f":{"1":0,"2":0,"3":0,"4":0},"fnMap":{"1":{"name":"constructor","line":16,"loc":{"start":{"line":16,"column":4},"end":{"line":27,"column":4}}},"2":{"name":"supportsInterface","line":29,"loc":{"start":{"line":29,"column":4},"end":{"line":38,"column":4}}},"3":{"name":"onERC1155Received","line":40,"loc":{"start":{"line":40,"column":4},"end":{"line":54,"column":4}}},"4":{"name":"onERC1155BatchReceived","line":56,"loc":{"start":{"line":56,"column":4},"end":{"line":70,"column":4}}}},"statementMap":{"1":{"start":{"line":23,"column":8},"end":{"line":23,"column":35}},"2":{"start":{"line":24,"column":8},"end":{"line":24,"column":39}},"3":{"start":{"line":25,"column":8},"end":{"line":25,"column":45}},"4":{"start":{"line":26,"column":8},"end":{"line":26,"column":49}},"5":{"start":{"line":37,"column":8},"end":{"line":37,"column":64}},"6":{"start":{"line":51,"column":8},"end":{"line":51,"column":77}},"7":{"start":{"line":52,"column":8},"end":{"line":52,"column":54}},"8":{"start":{"line":53,"column":8},"end":{"line":53,"column":28}},"9":{"start":{"line":67,"column":8},"end":{"line":67,"column":87}},"10":{"start":{"line":68,"column":8},"end":{"line":68,"column":61}},"11":{"start":{"line":69,"column":8},"end":{"line":69,"column":33}}},"branchMap":{"1":{"line":51,"type":"if","locations":[{"start":{"line":51,"column":8},"end":{"line":51,"column":8}},{"start":{"line":51,"column":8},"end":{"line":51,"column":8}}]},"2":{"line":67,"type":"if","locations":[{"start":{"line":67,"column":8},"end":{"line":67,"column":8}},{"start":{"line":67,"column":8},"end":{"line":67,"column":8}}]}}},"contracts/utils/AllocationSplitter.sol":{"l":{"26":9,"27":9,"31":6,"33":6,"35":6,"36":6,"37":6,"41":5,"45":3,"46":3,"48":3,"49":3,"51":3,"52":3,"53":9,"62":25,"63":25,"64":24,"66":24,"68":24,"69":24,"70":24,"72":24,"73":24,"74":24,"80":24,"82":21,"86":24,"87":24},"path":"/Users/osarrouy/Code/@spectrexyz/protocol/contracts/utils/AllocationSplitter.sol","s":{"1":9,"2":9,"3":6,"4":6,"5":6,"6":6,"7":6,"8":5,"9":3,"10":3,"11":3,"12":3,"13":3,"14":3,"15":9,"16":25,"17":25,"18":24,"19":24,"20":24,"21":24,"22":24,"23":24,"24":24,"25":24,"26":24,"27":21,"28":24,"29":24},"b":{"1":[3,0],"2":[3,0],"3":[3,0],"4":[24,1],"5":[24,0]},"f":{"1":9,"2":6,"3":5,"4":3,"5":25,"6":24},"fnMap":{"1":{"name":"constructor","line":25,"loc":{"start":{"line":25,"column":4},"end":{"line":28,"column":4}}},"2":{"name":"allocationOf","line":30,"loc":{"start":{"line":30,"column":4},"end":{"line":38,"column":4}}},"3":{"name":"withdrawnBy","line":40,"loc":{"start":{"line":40,"column":4},"end":{"line":42,"column":4}}},"4":{"name":"allocate","line":44,"loc":{"start":{"line":44,"column":4},"end":{"line":59,"column":4}}},"5":{"name":"withdraw","line":61,"loc":{"start":{"line":61,"column":4},"end":{"line":83,"column":4}}},"6":{"name":"_poke","line":85,"loc":{"start":{"line":85,"column":4},"end":{"line":93,"column":4}}}},"statementMap":{"1":{"start":{"line":26,"column":8},"end":{"line":26,"column":51}},"2":{"start":{"line":27,"column":8},"end":{"line":27,"column":43}},"3":{"start":{"line":31,"column":8},"end":{"line":31,"column":59}},"4":{"start":{"line":33,"column":8},"end":{"line":33,"column":64}},"5":{"start":{"line":35,"column":8},"end":{"line":35,"column":33}},"6":{"start":{"line":36,"column":8},"end":{"line":36,"column":48}},"7":{"start":{"line":37,"column":8},"end":{"line":37,"column":39}},"8":{"start":{"line":41,"column":8},"end":{"line":41,"column":59}},"9":{"start":{"line":45,"column":6},"end":{"line":45,"column":109}},"10":{"start":{"line":46,"column":6},"end":{"line":46,"column":115}},"11":{"start":{"line":48,"column":6},"end":{"line":48,"column":57}},"12":{"start":{"line":49,"column":6},"end":{"line":49,"column":81}},"13":{"start":{"line":51,"column":6},"end":{"line":51,"column":29}},"14":{"start":{"line":52,"column":6},"end":{"line":52,"column":2054}},"15":{"start":{"line":53,"column":10},"end":{"line":53,"column":56}},"16":{"start":{"line":62,"column":8},"end":{"line":62,"column":59}},"17":{"start":{"line":63,"column":8},"end":{"line":63,"column":76}},"18":{"start":{"line":64,"column":8},"end":{"line":64,"column":42}},"19":{"start":{"line":66,"column":8},"end":{"line":66,"column":31}},"20":{"start":{"line":68,"column":8},"end":{"line":68,"column":85}},"21":{"start":{"line":69,"column":8},"end":{"line":69,"column":63}},"22":{"start":{"line":70,"column":8},"end":{"line":70,"column":74}},"23":{"start":{"line":72,"column":8},"end":{"line":72,"column":40}},"24":{"start":{"line":73,"column":8},"end":{"line":73,"column":52}},"25":{"start":{"line":74,"column":8},"end":{"line":74,"column":37}},"26":{"start":{"line":80,"column":8},"end":{"line":80,"column":50}},"27":{"start":{"line":82,"column":8},"end":{"line":82,"column":49}},"28":{"start":{"line":86,"column":8},"end":{"line":86,"column":64}},"29":{"start":{"line":87,"column":8},"end":{"line":87,"column":59}}},"branchMap":{"1":{"line":45,"type":"if","locations":[{"start":{"line":45,"column":6},"end":{"line":45,"column":6}},{"start":{"line":45,"column":6},"end":{"line":45,"column":6}}]},"2":{"line":46,"type":"if","locations":[{"start":{"line":46,"column":6},"end":{"line":46,"column":6}},{"start":{"line":46,"column":6},"end":{"line":46,"column":6}}]},"3":{"line":49,"type":"if","locations":[{"start":{"line":49,"column":6},"end":{"line":49,"column":6}},{"start":{"line":49,"column":6},"end":{"line":49,"column":6}}]},"4":{"line":63,"type":"if","locations":[{"start":{"line":63,"column":8},"end":{"line":63,"column":8}},{"start":{"line":63,"column":8},"end":{"line":63,"column":8}}]},"5":{"line":70,"type":"if","locations":[{"start":{"line":70,"column":8},"end":{"line":70,"column":8}},{"start":{"line":70,"column":8},"end":{"line":70,"column":8}}]}}}}